0 info it worked if it ends with ok
1 verbose cli [ 'node', '/usr/local/bin/npm', 'install' ]
2 info using npm@3.7.3
3 info using node@v0.10.25
4 verbose node symlink /usr/bin/node
5 silly loadCurrentTree Starting
6 silly install loadCurrentTree
7 silly install readLocalPackageData
8 silly install normalizeTree
9 silly loadCurrentTree Finishing
10 silly loadIdealTree Starting
11 silly install loadIdealTree
12 silly cloneCurrentTree Starting
13 silly install cloneCurrentTreeToIdealTree
14 silly cloneCurrentTree Finishing
15 silly loadShrinkwrap Starting
16 silly install loadShrinkwrap
17 silly loadShrinkwrap Finishing
18 silly loadAllDepsIntoIdealTree Starting
19 silly install loadAllDepsIntoIdealTree
20 silly fetchNamedPackageData express
21 silly mapToRegistry name express
22 silly mapToRegistry using default registry
23 silly mapToRegistry registry https://registry.npmjs.org/
24 silly mapToRegistry uri https://registry.npmjs.org/express
25 silly fetchNamedPackageData mongoose
26 silly mapToRegistry name mongoose
27 silly mapToRegistry using default registry
28 silly mapToRegistry registry https://registry.npmjs.org/
29 silly mapToRegistry uri https://registry.npmjs.org/mongoose
30 silly fetchNamedPackageData morgan
31 silly mapToRegistry name morgan
32 silly mapToRegistry using default registry
33 silly mapToRegistry registry https://registry.npmjs.org/
34 silly mapToRegistry uri https://registry.npmjs.org/morgan
35 silly fetchNamedPackageData body-parser
36 silly mapToRegistry name body-parser
37 silly mapToRegistry using default registry
38 silly mapToRegistry registry https://registry.npmjs.org/
39 silly mapToRegistry uri https://registry.npmjs.org/body-parser
40 silly fetchNamedPackageData mongo
41 silly mapToRegistry name mongo
42 silly mapToRegistry using default registry
43 silly mapToRegistry registry https://registry.npmjs.org/
44 silly mapToRegistry uri https://registry.npmjs.org/mongo
45 silly fetchNamedPackageData method-override
46 silly mapToRegistry name method-override
47 silly mapToRegistry using default registry
48 silly mapToRegistry registry https://registry.npmjs.org/
49 silly mapToRegistry uri https://registry.npmjs.org/method-override
50 verbose request uri https://registry.npmjs.org/mongoose
51 verbose request no auth needed
52 info attempt registry request try #1 at 00:38:36
53 verbose request id 5a0049192d6452a0
54 http request GET https://registry.npmjs.org/mongoose
55 verbose request uri https://registry.npmjs.org/body-parser
56 verbose request no auth needed
57 info attempt registry request try #1 at 00:38:36
58 verbose etag "DOQ66UNMBXFIQD963GKS22EI7"
59 http request GET https://registry.npmjs.org/body-parser
60 verbose request uri https://registry.npmjs.org/mongo
61 verbose request no auth needed
62 info attempt registry request try #1 at 00:38:36
63 verbose etag "1EQVR9CFY1SGI9GEIPEDXVKNF"
64 http request GET https://registry.npmjs.org/mongo
65 verbose request uri https://registry.npmjs.org/method-override
66 verbose request no auth needed
67 info attempt registry request try #1 at 00:38:36
68 verbose etag "B5KEM8JMG2Y7LGKUWTIG8QTB9"
69 http request GET https://registry.npmjs.org/method-override
70 verbose request uri https://registry.npmjs.org/morgan
71 verbose request no auth needed
72 info attempt registry request try #1 at 00:38:36
73 verbose etag "33OVCNVUGPYAXZMQ281C76DN1"
74 http request GET https://registry.npmjs.org/morgan
75 verbose request uri https://registry.npmjs.org/express
76 verbose request no auth needed
77 info attempt registry request try #1 at 00:38:36
78 verbose etag "D5FXBS23Q5OB57QUJHZ11TFPR"
79 http request GET https://registry.npmjs.org/express
80 info retry will retry, error on last attempt: Error: tunneling socket could not be established, cause=connect ETIMEDOUT
81 info retry will retry, error on last attempt: Error: tunneling socket could not be established, cause=connect ETIMEDOUT
82 info retry will retry, error on last attempt: Error: tunneling socket could not be established, cause=connect ETIMEDOUT
83 info retry will retry, error on last attempt: Error: tunneling socket could not be established, cause=connect ETIMEDOUT
84 info retry will retry, error on last attempt: Error: tunneling socket could not be established, cause=connect ETIMEDOUT
85 info retry will retry, error on last attempt: Error: tunneling socket could not be established, cause=connect ETIMEDOUT
86 info attempt registry request try #2 at 00:40:54
87 http request GET https://registry.npmjs.org/mongoose
88 info attempt registry request try #2 at 00:40:54
89 verbose etag "DOQ66UNMBXFIQD963GKS22EI7"
90 http request GET https://registry.npmjs.org/body-parser
91 info attempt registry request try #2 at 00:40:54
92 verbose etag "1EQVR9CFY1SGI9GEIPEDXVKNF"
93 http request GET https://registry.npmjs.org/mongo
94 info attempt registry request try #2 at 00:40:54
95 verbose etag "B5KEM8JMG2Y7LGKUWTIG8QTB9"
96 http request GET https://registry.npmjs.org/method-override
97 info attempt registry request try #2 at 00:40:54
98 verbose etag "33OVCNVUGPYAXZMQ281C76DN1"
99 http request GET https://registry.npmjs.org/morgan
100 info attempt registry request try #2 at 00:40:54
101 verbose etag "D5FXBS23Q5OB57QUJHZ11TFPR"
102 http request GET https://registry.npmjs.org/express
103 info retry will retry, error on last attempt: Error: tunneling socket could not be established, cause=connect ETIMEDOUT
104 info retry will retry, error on last attempt: Error: tunneling socket could not be established, cause=connect ETIMEDOUT
105 info retry will retry, error on last attempt: Error: tunneling socket could not be established, cause=connect ETIMEDOUT
106 info retry will retry, error on last attempt: Error: tunneling socket could not be established, cause=connect ETIMEDOUT
107 info retry will retry, error on last attempt: Error: tunneling socket could not be established, cause=connect ETIMEDOUT
108 info retry will retry, error on last attempt: Error: tunneling socket could not be established, cause=connect ETIMEDOUT
109 info attempt registry request try #3 at 00:44:01
110 http request GET https://registry.npmjs.org/mongoose
111 info attempt registry request try #3 at 00:44:01
112 verbose etag "DOQ66UNMBXFIQD963GKS22EI7"
113 http request GET https://registry.npmjs.org/body-parser
114 info attempt registry request try #3 at 00:44:01
115 verbose etag "1EQVR9CFY1SGI9GEIPEDXVKNF"
116 http request GET https://registry.npmjs.org/mongo
117 info attempt registry request try #3 at 00:44:01
118 verbose etag "B5KEM8JMG2Y7LGKUWTIG8QTB9"
119 http request GET https://registry.npmjs.org/method-override
120 info attempt registry request try #3 at 00:44:01
121 verbose etag "33OVCNVUGPYAXZMQ281C76DN1"
122 http request GET https://registry.npmjs.org/morgan
123 info attempt registry request try #3 at 00:44:01
124 verbose etag "D5FXBS23Q5OB57QUJHZ11TFPR"
125 http request GET https://registry.npmjs.org/express
126 silly get cb [ 304, undefined ]
127 verbose etag https://registry.npmjs.org/method-override from cache
128 verbose get saving method-override to /home/esraa/.npm/registry.npmjs.org/method-override/.cache.json
129 verbose correctMkdir /home/esraa/.npm correctMkdir not in flight; initializing
130 silly fetchPackageMetaData Error: tunneling socket could not be established, cause=connect ETIMEDOUT
130 silly fetchPackageMetaData     at ClientRequest.onError (/usr/local/lib/node_modules/npm/node_modules/request/node_modules/tunnel-agent/index.js:176:17)
130 silly fetchPackageMetaData     at ClientRequest.g (events.js:180:16)
130 silly fetchPackageMetaData     at ClientRequest.EventEmitter.emit (events.js:95:17)
130 silly fetchPackageMetaData     at Socket.socketErrorListener (http.js:1547:9)
130 silly fetchPackageMetaData     at Socket.EventEmitter.emit (events.js:95:17)
130 silly fetchPackageMetaData     at net.js:441:14
130 silly fetchPackageMetaData     at process._tickCallback (node.js:415:13)
130 silly fetchPackageMetaData  error for mongoose@~3.6.2 { [Error: tunneling socket could not be established, cause=connect ETIMEDOUT] code: 'ECONNRESET' }
131 silly get cb [ 304, undefined ]
132 verbose etag https://registry.npmjs.org/morgan from cache
133 verbose get saving morgan to /home/esraa/.npm/registry.npmjs.org/morgan/.cache.json
134 verbose correctMkdir /home/esraa/.npm correctMkdir already in flight; waiting
135 silly get cb [ 304, undefined ]
136 verbose etag https://registry.npmjs.org/body-parser from cache
137 verbose get saving body-parser to /home/esraa/.npm/registry.npmjs.org/body-parser/.cache.json
138 verbose correctMkdir /home/esraa/.npm correctMkdir already in flight; waiting
139 silly get cb [ 304, undefined ]
140 verbose etag https://registry.npmjs.org/express from cache
141 verbose get saving express to /home/esraa/.npm/registry.npmjs.org/express/.cache.json
142 verbose correctMkdir /home/esraa/.npm correctMkdir already in flight; waiting
143 silly get cb [ 304, undefined ]
144 verbose etag https://registry.npmjs.org/mongo from cache
145 verbose get saving mongo to /home/esraa/.npm/registry.npmjs.org/mongo/.cache.json
146 verbose correctMkdir /home/esraa/.npm correctMkdir already in flight; waiting
147 silly resolveWithNewModule method-override@2.1.3 checking installable status
148 silly cache add args [ 'method-override@~2.1.2', null ]
149 verbose cache add spec method-override@~2.1.2
150 silly cache add parsed spec { raw: 'method-override@~2.1.2',
150 silly cache add   scope: null,
150 silly cache add   name: 'method-override',
150 silly cache add   rawSpec: '~2.1.2',
150 silly cache add   spec: '>=2.1.2 <2.2.0',
150 silly cache add   type: 'range' }
151 silly addNamed method-override@>=2.1.2 <2.2.0
152 verbose addNamed ">=2.1.2 <2.2.0" is a valid semver range for method-override
153 silly addNameRange { name: 'method-override',
153 silly addNameRange   range: '>=2.1.2 <2.2.0',
153 silly addNameRange   hasData: false }
154 silly mapToRegistry name method-override
155 silly mapToRegistry using default registry
156 silly mapToRegistry registry https://registry.npmjs.org/
157 silly mapToRegistry uri https://registry.npmjs.org/method-override
158 verbose addNameRange registry:https://registry.npmjs.org/method-override not in flight; fetching
159 silly resolveWithNewModule morgan@1.2.3 checking installable status
160 silly cache add args [ 'morgan@~1.2.2', null ]
161 verbose cache add spec morgan@~1.2.2
162 silly cache add parsed spec { raw: 'morgan@~1.2.2',
162 silly cache add   scope: null,
162 silly cache add   name: 'morgan',
162 silly cache add   rawSpec: '~1.2.2',
162 silly cache add   spec: '>=1.2.2 <1.3.0',
162 silly cache add   type: 'range' }
163 silly addNamed morgan@>=1.2.2 <1.3.0
164 verbose addNamed ">=1.2.2 <1.3.0" is a valid semver range for morgan
165 silly addNameRange { name: 'morgan', range: '>=1.2.2 <1.3.0', hasData: false }
166 silly mapToRegistry name morgan
167 silly mapToRegistry using default registry
168 silly mapToRegistry registry https://registry.npmjs.org/
169 silly mapToRegistry uri https://registry.npmjs.org/morgan
170 verbose addNameRange registry:https://registry.npmjs.org/morgan not in flight; fetching
171 silly resolveWithNewModule mongo@0.1.0 checking installable status
172 silly cache add args [ 'mongo@^0.1.0', null ]
173 verbose cache add spec mongo@^0.1.0
174 silly cache add parsed spec { raw: 'mongo@^0.1.0',
174 silly cache add   scope: null,
174 silly cache add   name: 'mongo',
174 silly cache add   rawSpec: '^0.1.0',
174 silly cache add   spec: '>=0.1.0 <0.2.0',
174 silly cache add   type: 'range' }
175 silly addNamed mongo@>=0.1.0 <0.2.0
176 verbose addNamed ">=0.1.0 <0.2.0" is a valid semver range for mongo
177 silly addNameRange { name: 'mongo', range: '>=0.1.0 <0.2.0', hasData: false }
178 silly mapToRegistry name mongo
179 silly mapToRegistry using default registry
180 silly mapToRegistry registry https://registry.npmjs.org/
181 silly mapToRegistry uri https://registry.npmjs.org/mongo
182 verbose addNameRange registry:https://registry.npmjs.org/mongo not in flight; fetching
183 silly resolveWithNewModule body-parser@1.5.2 checking installable status
184 silly cache add args [ 'body-parser@~1.5.2', null ]
185 verbose cache add spec body-parser@~1.5.2
186 silly cache add parsed spec { raw: 'body-parser@~1.5.2',
186 silly cache add   scope: null,
186 silly cache add   name: 'body-parser',
186 silly cache add   rawSpec: '~1.5.2',
186 silly cache add   spec: '>=1.5.2 <1.6.0',
186 silly cache add   type: 'range' }
187 silly addNamed body-parser@>=1.5.2 <1.6.0
188 verbose addNamed ">=1.5.2 <1.6.0" is a valid semver range for body-parser
189 silly addNameRange { name: 'body-parser', range: '>=1.5.2 <1.6.0', hasData: false }
190 silly mapToRegistry name body-parser
191 silly mapToRegistry using default registry
192 silly mapToRegistry registry https://registry.npmjs.org/
193 silly mapToRegistry uri https://registry.npmjs.org/body-parser
194 verbose addNameRange registry:https://registry.npmjs.org/body-parser not in flight; fetching
195 silly resolveWithNewModule express@4.7.4 checking installable status
196 silly cache add args [ 'express@~4.7.2', null ]
197 verbose cache add spec express@~4.7.2
198 silly cache add parsed spec { raw: 'express@~4.7.2',
198 silly cache add   scope: null,
198 silly cache add   name: 'express',
198 silly cache add   rawSpec: '~4.7.2',
198 silly cache add   spec: '>=4.7.2 <4.8.0',
198 silly cache add   type: 'range' }
199 silly addNamed express@>=4.7.2 <4.8.0
200 verbose addNamed ">=4.7.2 <4.8.0" is a valid semver range for express
201 silly addNameRange { name: 'express', range: '>=4.7.2 <4.8.0', hasData: false }
202 silly mapToRegistry name express
203 silly mapToRegistry using default registry
204 silly mapToRegistry registry https://registry.npmjs.org/
205 silly mapToRegistry uri https://registry.npmjs.org/express
206 verbose addNameRange registry:https://registry.npmjs.org/express not in flight; fetching
207 verbose get https://registry.npmjs.org/method-override not expired, no request
208 silly addNameRange number 2 { name: 'method-override',
208 silly addNameRange   range: '>=2.1.2 <2.2.0',
208 silly addNameRange   hasData: true }
209 silly addNameRange versions [ 'method-override',
209 silly addNameRange   [ '1.0.0',
209 silly addNameRange     '1.0.1',
209 silly addNameRange     '1.0.2',
209 silly addNameRange     '2.0.0',
209 silly addNameRange     '2.0.1',
209 silly addNameRange     '2.0.2',
209 silly addNameRange     '2.1.0',
209 silly addNameRange     '2.1.1',
209 silly addNameRange     '2.1.2',
209 silly addNameRange     '2.1.3',
209 silly addNameRange     '2.2.0',
209 silly addNameRange     '2.3.0',
209 silly addNameRange     '2.3.1',
209 silly addNameRange     '2.3.2',
209 silly addNameRange     '2.3.3',
209 silly addNameRange     '2.3.4',
209 silly addNameRange     '2.3.5' ] ]
210 silly addNamed method-override@2.1.3
211 verbose addNamed "2.1.3" is a plain semver version for method-override
212 verbose get https://registry.npmjs.org/mongo not expired, no request
213 silly addNameRange number 2 { name: 'mongo', range: '>=0.1.0 <0.2.0', hasData: true }
214 silly addNameRange versions [ 'mongo', [ '0.1.0' ] ]
215 silly addNamed mongo@0.1.0
216 verbose addNamed "0.1.0" is a plain semver version for mongo
217 verbose get https://registry.npmjs.org/morgan not expired, no request
218 silly addNameRange number 2 { name: 'morgan', range: '>=1.2.2 <1.3.0', hasData: true }
219 silly addNameRange versions [ 'morgan',
219 silly addNameRange   [ '1.0.0',
219 silly addNameRange     '1.0.1',
219 silly addNameRange     '1.1.0',
219 silly addNameRange     '1.1.1',
219 silly addNameRange     '1.2.0',
219 silly addNameRange     '1.2.1',
219 silly addNameRange     '1.2.2',
219 silly addNameRange     '1.2.3',
219 silly addNameRange     '1.3.0',
219 silly addNameRange     '1.3.1',
219 silly addNameRange     '1.3.2',
219 silly addNameRange     '1.4.0',
219 silly addNameRange     '1.4.1',
219 silly addNameRange     '1.5.0',
219 silly addNameRange     '1.5.1',
219 silly addNameRange     '1.5.2',
219 silly addNameRange     '1.5.3',
219 silly addNameRange     '1.6.0',
219 silly addNameRange     '1.6.1',
219 silly addNameRange     '1.7.0' ] ]
220 silly addNamed morgan@1.2.3
221 verbose addNamed "1.2.3" is a plain semver version for morgan
222 silly mapToRegistry name mongo
223 silly mapToRegistry using default registry
224 silly mapToRegistry registry https://registry.npmjs.org/
225 silly mapToRegistry uri https://registry.npmjs.org/mongo
226 verbose addRemoteTarball https://registry.npmjs.org/mongo/-/mongo-0.1.0.tgz not in flight; adding
227 verbose addRemoteTarball [ 'https://registry.npmjs.org/mongo/-/mongo-0.1.0.tgz',
227 verbose addRemoteTarball   'c8af0f8df98d4894b772b37342987c3becf3718c' ]
228 verbose get https://registry.npmjs.org/body-parser not expired, no request
229 silly addNameRange number 2 { name: 'body-parser', range: '>=1.5.2 <1.6.0', hasData: true }
230 silly addNameRange versions [ 'body-parser',
230 silly addNameRange   [ '1.0.0',
230 silly addNameRange     '1.0.1',
230 silly addNameRange     '1.0.2',
230 silly addNameRange     '1.1.0',
230 silly addNameRange     '1.1.1',
230 silly addNameRange     '1.1.2',
230 silly addNameRange     '1.2.0',
230 silly addNameRange     '1.2.1',
230 silly addNameRange     '1.2.2',
230 silly addNameRange     '1.3.0',
230 silly addNameRange     '1.3.1',
230 silly addNameRange     '1.4.0',
230 silly addNameRange     '1.4.1',
230 silly addNameRange     '1.4.2',
230 silly addNameRange     '1.4.3',
230 silly addNameRange     '1.5.0',
230 silly addNameRange     '1.5.1',
230 silly addNameRange     '1.5.2',
230 silly addNameRange     '1.6.0',
230 silly addNameRange     '1.6.1',
230 silly addNameRange     '1.6.2',
230 silly addNameRange     '1.6.3',
230 silly addNameRange     '1.6.4',
230 silly addNameRange     '1.6.5',
230 silly addNameRange     '1.6.6',
230 silly addNameRange     '1.6.7',
230 silly addNameRange     '1.7.0',
230 silly addNameRange     '1.8.0',
230 silly addNameRange     '1.8.1',
230 silly addNameRange     '1.8.2',
230 silly addNameRange     '1.8.3',
230 silly addNameRange     '1.8.4',
230 silly addNameRange     '1.9.0',
230 silly addNameRange     '1.9.1',
230 silly addNameRange     '1.9.2',
230 silly addNameRange     '1.9.3',
230 silly addNameRange     '1.10.0',
230 silly addNameRange     '1.10.1',
230 silly addNameRange     '1.10.2',
230 silly addNameRange     '1.11.0',
230 silly addNameRange     '1.12.0',
230 silly addNameRange     '1.12.1',
230 silly addNameRange     '1.12.2',
230 silly addNameRange     '1.12.3',
230 silly addNameRange     '1.12.4',
230 silly addNameRange     '1.13.0',
230 silly addNameRange     '1.13.1',
230 silly addNameRange     '1.13.2',
230 silly addNameRange     '1.13.3',
230 silly addNameRange     '1.14.0',
230 silly addNameRange     '1.14.1',
230 silly addNameRange     '1.14.2',
230 silly addNameRange     '1.15.0' ] ]
231 silly addNamed body-parser@1.5.2
232 verbose addNamed "1.5.2" is a plain semver version for body-parser
233 silly mapToRegistry name morgan
234 silly mapToRegistry using default registry
235 silly mapToRegistry registry https://registry.npmjs.org/
236 silly mapToRegistry uri https://registry.npmjs.org/morgan
237 verbose addRemoteTarball https://registry.npmjs.org/morgan/-/morgan-1.2.3.tgz not in flight; adding
238 verbose addRemoteTarball [ 'https://registry.npmjs.org/morgan/-/morgan-1.2.3.tgz',
238 verbose addRemoteTarball   '3b0f1704df90255a542591abacd797891a8c40a1' ]
239 verbose get https://registry.npmjs.org/express not expired, no request
240 silly addNameRange number 2 { name: 'express', range: '>=4.7.2 <4.8.0', hasData: true }
241 silly addNameRange versions [ 'express',
241 silly addNameRange   [ '0.14.0',
241 silly addNameRange     '0.14.1',
241 silly addNameRange     '1.0.0',
241 silly addNameRange     '1.0.1',
241 silly addNameRange     '1.0.2',
241 silly addNameRange     '1.0.3',
241 silly addNameRange     '1.0.4',
241 silly addNameRange     '1.0.5',
241 silly addNameRange     '1.0.6',
241 silly addNameRange     '1.0.7',
241 silly addNameRange     '1.0.8',
241 silly addNameRange     '2.0.0',
241 silly addNameRange     '2.1.0',
241 silly addNameRange     '2.1.1',
241 silly addNameRange     '2.2.0',
241 silly addNameRange     '2.2.1',
241 silly addNameRange     '2.2.2',
241 silly addNameRange     '2.3.0',
241 silly addNameRange     '2.3.1',
241 silly addNameRange     '2.3.2',
241 silly addNameRange     '2.3.3',
241 silly addNameRange     '2.3.4',
241 silly addNameRange     '2.3.5',
241 silly addNameRange     '2.3.6',
241 silly addNameRange     '2.3.7',
241 silly addNameRange     '2.3.8',
241 silly addNameRange     '2.3.9',
241 silly addNameRange     '2.3.10',
241 silly addNameRange     '2.3.11',
241 silly addNameRange     '2.3.12',
241 silly addNameRange     '2.4.0',
241 silly addNameRange     '2.4.1',
241 silly addNameRange     '2.4.2',
241 silly addNameRange     '2.4.3',
241 silly addNameRange     '2.4.4',
241 silly addNameRange     '2.4.5',
241 silly addNameRange     '2.4.6',
241 silly addNameRange     '2.4.7',
241 silly addNameRange     '2.5.0',
241 silly addNameRange     '2.5.1',
241 silly addNameRange     '2.5.2',
241 silly addNameRange     '2.5.3',
241 silly addNameRange     '2.5.4',
241 silly addNameRange     '2.5.5',
241 silly addNameRange     '2.5.6',
241 silly addNameRange     '2.5.7',
241 silly addNameRange     '2.5.8',
241 silly addNameRange     '2.5.9',
241 silly addNameRange     '2.5.10',
241 silly addNameRange     '2.5.11',
241 silly addNameRange     '3.0.0',
241 silly addNameRange     '3.0.1',
241 silly addNameRange     '3.0.2',
241 silly addNameRange     '3.0.3',
241 silly addNameRange     '3.0.4',
241 silly addNameRange     '3.0.5',
241 silly addNameRange     '3.0.6',
241 silly addNameRange     '3.1.0',
241 silly addNameRange     '3.1.1',
241 silly addNameRange     '3.1.2',
241 silly addNameRange     '3.2.0',
241 silly addNameRange     '3.2.1',
241 silly addNameRange     '3.2.2',
241 silly addNameRange     '3.2.3',
241 silly addNameRange     '3.2.4',
241 silly addNameRange     '3.2.5',
241 silly addNameRange     '3.2.6',
241 silly addNameRange     '3.3.0',
241 silly addNameRange     '3.3.1',
241 silly addNameRange     '3.3.2',
241 silly addNameRange     '3.3.3',
241 silly addNameRange     '3.3.4',
241 silly addNameRange     '3.3.5',
241 silly addNameRange     '3.3.6',
241 silly addNameRange     '1.0.0-beta',
241 silly addNameRange     '1.0.0-beta2',
241 silly addNameRange     '1.0.0-rc',
241 silly addNameRange     '1.0.0-rc2',
241 silly addNameRange     '1.0.0-rc3',
241 silly addNameRange     '1.0.0-rc4',
241 silly addNameRange     '2.0.0-beta',
241 silly addNameRange     '2.0.0-beta2',
241 silly addNameRange     '2.0.0-beta3',
241 silly addNameRange     '2.0.0-rc',
241 silly addNameRange     '2.0.0-rc2',
241 silly addNameRange     '2.0.0-rc3',
241 silly addNameRange     '3.0.0-alpha1',
241 silly addNameRange     '3.0.0-alpha2',
241 silly addNameRange     '3.0.0-alpha3',
241 silly addNameRange     '3.0.0-alpha4',
241 silly addNameRange     '3.0.0-alpha5',
241 silly addNameRange     '3.0.0-beta1',
241 silly addNameRange     '3.0.0-beta2',
241 silly addNameRange     '3.0.0-beta3',
241 silly addNameRange     '3.0.0-beta4',
241 silly addNameRange     '3.0.0-beta6',
241 silly addNameRange     '3.0.0-beta7',
241 silly addNameRange     '3.0.0-rc1',
241 silly addNameRange     '3.0.0-rc2',
241 silly addNameRange     '3.0.0-rc3',
241 silly addNameRange     '3.0.0-rc4',
241 silly addNameRange     '3.0.0-rc5',
241 silly addNameRange     '3.3.7',
241 silly addNameRange     '3.3.8',
241 silly addNameRange     '3.4.0',
241 silly addNameRange     '3.4.1',
241 silly addNameRange     '3.4.2',
241 silly addNameRange     '3.4.3',
241 silly addNameRange     '3.4.4',
241 silly addNameRange     '3.4.5',
241 silly addNameRange     '3.4.6',
241 silly addNameRange     '3.4.7',
241 silly addNameRange     '3.4.8',
241 silly addNameRange     '4.0.0-rc1',
241 silly addNameRange     '4.0.0-rc2',
241 silly addNameRange     '3.5.0',
241 silly addNameRange     '4.0.0-rc3',
241 silly addNameRange     '4.0.0-rc4',
241 silly addNameRange     '3.5.1',
241 silly addNameRange     '4.0.0',
241 silly addNameRange     '3.5.2',
241 silly addNameRange     '4.1.0',
241 silly addNameRange     '4.1.1',
241 silly addNameRange     '3.5.3',
241 silly addNameRange     '4.1.2',
241 silly addNameRange     '3.6.0',
241 silly addNameRange     '4.2.0',
241 silly addNameRange     '3.7.0',
241 silly addNameRange     '3.8.0',
241 silly addNameRange     '4.3.0',
241 silly addNameRange     '4.3.1',
241 silly addNameRange     '3.8.1',
241 silly addNameRange     '4.3.2',
241 silly addNameRange     '3.9.0',
241 silly addNameRange     '4.4.0',
241 silly addNameRange     '4.4.1',
241 silly addNameRange     '3.10.0',
241 silly addNameRange     '3.10.1',
241 silly addNameRange     '3.10.2',
241 silly addNameRange     '3.10.3',
241 silly addNameRange     '3.10.4',
241 silly addNameRange     '4.4.2',
241 silly addNameRange     '3.10.5',
241 silly addNameRange     '4.4.3',
241 silly addNameRange     '3.11.0',
241 silly addNameRange     '4.4.4',
241 silly addNameRange     '3.12.0',
241 silly addNameRange     '3.12.1',
241 silly addNameRange     '4.4.5',
241 silly addNameRange     '3.13.0',
241 silly addNameRange     '4.5.0',
241 silly addNameRange     '4.5.1',
241 silly addNameRange     '3.14.0',
241 silly addNameRange     '4.6.0',
241 silly addNameRange     '4.6.1',
241 silly addNameRange     '3.15.0',
241 silly addNameRange     '4.7.0',
241 silly addNameRange     '3.15.1',
241 silly addNameRange     '4.7.1',
241 silly addNameRange     '3.15.2',
241 silly addNameRange     '4.7.2',
241 silly addNameRange     '4.7.3',
241 silly addNameRange     '3.15.3',
241 silly addNameRange     '4.7.4',
241 silly addNameRange     '3.16.0',
241 silly addNameRange     '4.8.0',
241 silly addNameRange     '3.16.1',
241 silly addNameRange     '4.8.1',
241 silly addNameRange     '3.16.2',
241 silly addNameRange     '4.8.2',
241 silly addNameRange     '3.16.3',
241 silly addNameRange     '3.16.4',
241 silly addNameRange     '4.8.3',
241 silly addNameRange     '3.16.5',
241 silly addNameRange     '3.16.6',
241 silly addNameRange     '4.8.4',
241 silly addNameRange     '3.16.7',
241 silly addNameRange     '4.8.5',
241 silly addNameRange     '3.16.8',
241 silly addNameRange     '4.8.6',
241 silly addNameRange     '3.16.9',
241 silly addNameRange     '4.8.7',
241 silly addNameRange     '3.16.10',
241 silly addNameRange     '4.8.8',
241 silly addNameRange     '3.17.0',
241 silly addNameRange     '3.17.1',
241 silly addNameRange     '4.9.0',
241 silly addNameRange     '3.17.2',
241 silly addNameRange     '4.9.1',
241 silly addNameRange     '4.9.2',
241 silly addNameRange     '3.17.3',
241 silly addNameRange     '4.9.3',
241 silly addNameRange     '3.17.4',
241 silly addNameRange     '4.9.4',
241 silly addNameRange     '3.17.5',
241 silly addNameRange     '4.9.5',
241 silly addNameRange     '3.17.6',
241 silly addNameRange     '3.17.7',
241 silly addNameRange     '4.9.6',
241 silly addNameRange     '4.9.7',
241 silly addNameRange     '3.17.8',
241 silly addNameRange     '4.9.8',
241 silly addNameRange     '3.18.0',
241 silly addNameRange     '3.18.1',
241 silly addNameRange     '4.10.0',
241 silly addNameRange     '3.18.2',
241 silly addNameRange     '4.10.1',
241 silly addNameRange     '5.0.0-alpha.1',
241 silly addNameRange     '3.18.3',
241 silly addNameRange     '4.10.2',
241 silly addNameRange     '3.18.4',
241 silly addNameRange     '4.10.3',
241 silly addNameRange     '4.10.4',
241 silly addNameRange     '4.10.5',
241 silly addNameRange     '3.18.5',
241 silly addNameRange     '3.18.6',
241 silly addNameRange     '4.10.6',
241 silly addNameRange     '4.10.7',
241 silly addNameRange     '3.19.0',
241 silly addNameRange     '4.10.8',
241 silly addNameRange     '4.11.0',
241 silly addNameRange     '3.19.1',
241 silly addNameRange     '4.11.1',
241 silly addNameRange     '3.19.2',
241 silly addNameRange     '4.11.2',
241 silly addNameRange     '3.20.0',
241 silly addNameRange     '4.12.0',
241 silly addNameRange     '3.20.1',
241 silly addNameRange     '4.12.1',
241 silly addNameRange     '4.12.2',
241 silly addNameRange     '3.20.2',
241 silly addNameRange     '4.12.3',
241 silly addNameRange     '3.20.3',
241 silly addNameRange     '4.12.4',
241 silly addNameRange     '3.21.0',
241 silly addNameRange     '4.13.0',
241 silly addNameRange     '3.21.1',
241 silly addNameRange     '4.13.1',
241 silly addNameRange     '5.0.0-alpha.2',
241 silly addNameRange     '3.21.2',
241 silly addNameRange     '4.13.2',
241 silly addNameRange     '4.13.3',
241 silly addNameRange     '4.13.4' ] ]
242 silly addNamed express@4.7.4
243 verbose addNamed "4.7.4" is a plain semver version for express
244 silly mapToRegistry name body-parser
245 silly mapToRegistry using default registry
246 silly mapToRegistry registry https://registry.npmjs.org/
247 silly mapToRegistry uri https://registry.npmjs.org/body-parser
248 verbose addRemoteTarball https://registry.npmjs.org/body-parser/-/body-parser-1.5.2.tgz not in flight; adding
249 verbose addRemoteTarball [ 'https://registry.npmjs.org/body-parser/-/body-parser-1.5.2.tgz',
249 verbose addRemoteTarball   'beebacac741b83f62c9137d5685196e1a44304ab' ]
250 silly mapToRegistry name express
251 silly mapToRegistry using default registry
252 silly mapToRegistry registry https://registry.npmjs.org/
253 silly mapToRegistry uri https://registry.npmjs.org/express
254 verbose addRemoteTarball https://registry.npmjs.org/express/-/express-4.7.4.tgz not in flight; adding
255 verbose addRemoteTarball [ 'https://registry.npmjs.org/express/-/express-4.7.4.tgz',
255 verbose addRemoteTarball   'caf59389cf0b31b1314bf44d3355c2a80cfa217c' ]
256 silly cache afterAdd method-override@2.1.3
257 verbose afterAdd /home/esraa/.npm/method-override/2.1.3/package/package.json not in flight; writing
258 verbose correctMkdir /home/esraa/.npm correctMkdir not in flight; initializing
259 info retry fetch attempt 1 at 00:46:08
260 info attempt registry request try #1 at 00:46:08
261 http fetch GET https://registry.npmjs.org/express/-/express-4.7.4.tgz
262 info retry fetch attempt 1 at 00:46:08
263 info attempt registry request try #1 at 00:46:08
264 http fetch GET https://registry.npmjs.org/mongo/-/mongo-0.1.0.tgz
265 info retry fetch attempt 1 at 00:46:08
266 info attempt registry request try #1 at 00:46:08
267 http fetch GET https://registry.npmjs.org/morgan/-/morgan-1.2.3.tgz
268 verbose afterAdd /home/esraa/.npm/method-override/2.1.3/package/package.json written
269 info retry fetch attempt 1 at 00:46:08
270 info attempt registry request try #1 at 00:46:08
271 http fetch GET https://registry.npmjs.org/body-parser/-/body-parser-1.5.2.tgz
272 info retry will retry, error on last attempt: Error: tunneling socket could not be established, cause=connect ETIMEDOUT
273 info retry will retry, error on last attempt: Error: tunneling socket could not be established, cause=connect ETIMEDOUT
274 info retry will retry, error on last attempt: Error: tunneling socket could not be established, cause=connect ETIMEDOUT
275 info retry will retry, error on last attempt: Error: tunneling socket could not be established, cause=connect ETIMEDOUT
276 info attempt registry request try #2 at 00:48:26
277 http fetch GET https://registry.npmjs.org/express/-/express-4.7.4.tgz
278 info attempt registry request try #2 at 00:48:26
279 http fetch GET https://registry.npmjs.org/mongo/-/mongo-0.1.0.tgz
280 info attempt registry request try #2 at 00:48:26
281 http fetch GET https://registry.npmjs.org/morgan/-/morgan-1.2.3.tgz
282 info attempt registry request try #2 at 00:48:26
283 http fetch GET https://registry.npmjs.org/body-parser/-/body-parser-1.5.2.tgz
284 info retry will retry, error on last attempt: Error: tunneling socket could not be established, cause=connect ETIMEDOUT
285 info retry will retry, error on last attempt: Error: tunneling socket could not be established, cause=connect ETIMEDOUT
286 info retry will retry, error on last attempt: Error: tunneling socket could not be established, cause=connect ETIMEDOUT
287 info retry will retry, error on last attempt: Error: tunneling socket could not be established, cause=connect ETIMEDOUT
288 info attempt registry request try #3 at 00:51:33
289 http fetch GET https://registry.npmjs.org/express/-/express-4.7.4.tgz
290 info attempt registry request try #3 at 00:51:33
291 http fetch GET https://registry.npmjs.org/mongo/-/mongo-0.1.0.tgz
292 info attempt registry request try #3 at 00:51:33
293 http fetch GET https://registry.npmjs.org/morgan/-/morgan-1.2.3.tgz
294 info attempt registry request try #3 at 00:51:33
295 http fetch GET https://registry.npmjs.org/body-parser/-/body-parser-1.5.2.tgz
296 error fetch failed https://registry.npmjs.org/express/-/express-4.7.4.tgz
297 warn retry will retry, error on last attempt: Error: tunneling socket could not be established, cause=connect ETIMEDOUT
298 error fetch failed https://registry.npmjs.org/mongo/-/mongo-0.1.0.tgz
299 warn retry will retry, error on last attempt: Error: tunneling socket could not be established, cause=connect ETIMEDOUT
300 error fetch failed https://registry.npmjs.org/morgan/-/morgan-1.2.3.tgz
301 warn retry will retry, error on last attempt: Error: tunneling socket could not be established, cause=connect ETIMEDOUT
302 error fetch failed https://registry.npmjs.org/body-parser/-/body-parser-1.5.2.tgz
303 warn retry will retry, error on last attempt: Error: tunneling socket could not be established, cause=connect ETIMEDOUT
304 info retry fetch attempt 2 at 00:53:50
305 info attempt registry request try #1 at 00:53:50
306 http fetch GET https://registry.npmjs.org/express/-/express-4.7.4.tgz
307 info retry fetch attempt 2 at 00:53:50
308 info attempt registry request try #1 at 00:53:50
309 http fetch GET https://registry.npmjs.org/mongo/-/mongo-0.1.0.tgz
310 info retry fetch attempt 2 at 00:53:50
311 info attempt registry request try #1 at 00:53:50
312 http fetch GET https://registry.npmjs.org/morgan/-/morgan-1.2.3.tgz
313 info retry fetch attempt 2 at 00:53:50
314 info attempt registry request try #1 at 00:53:50
315 http fetch GET https://registry.npmjs.org/body-parser/-/body-parser-1.5.2.tgz
316 info retry will retry, error on last attempt: Error: tunneling socket could not be established, cause=connect ETIMEDOUT
317 info retry will retry, error on last attempt: Error: tunneling socket could not be established, cause=connect ETIMEDOUT
318 info retry will retry, error on last attempt: Error: tunneling socket could not be established, cause=connect ETIMEDOUT
319 info retry will retry, error on last attempt: Error: tunneling socket could not be established, cause=connect ETIMEDOUT
320 info attempt registry request try #2 at 00:56:07
321 http fetch GET https://registry.npmjs.org/express/-/express-4.7.4.tgz
322 info attempt registry request try #2 at 00:56:07
323 http fetch GET https://registry.npmjs.org/mongo/-/mongo-0.1.0.tgz
324 info attempt registry request try #2 at 00:56:07
325 http fetch GET https://registry.npmjs.org/morgan/-/morgan-1.2.3.tgz
326 info attempt registry request try #2 at 00:56:07
327 http fetch GET https://registry.npmjs.org/body-parser/-/body-parser-1.5.2.tgz
328 info retry will retry, error on last attempt: Error: tunneling socket could not be established, cause=connect ETIMEDOUT
329 info retry will retry, error on last attempt: Error: tunneling socket could not be established, cause=connect ETIMEDOUT
330 info retry will retry, error on last attempt: Error: tunneling socket could not be established, cause=connect ETIMEDOUT
331 info retry will retry, error on last attempt: Error: tunneling socket could not be established, cause=connect ETIMEDOUT
332 info attempt registry request try #3 at 00:59:15
333 http fetch GET https://registry.npmjs.org/express/-/express-4.7.4.tgz
334 info attempt registry request try #3 at 00:59:15
335 http fetch GET https://registry.npmjs.org/mongo/-/mongo-0.1.0.tgz
336 info attempt registry request try #3 at 00:59:15
337 http fetch GET https://registry.npmjs.org/morgan/-/morgan-1.2.3.tgz
338 info attempt registry request try #3 at 00:59:15
339 http fetch GET https://registry.npmjs.org/body-parser/-/body-parser-1.5.2.tgz
340 error fetch failed https://registry.npmjs.org/express/-/express-4.7.4.tgz
341 warn retry will retry, error on last attempt: Error: tunneling socket could not be established, cause=connect ETIMEDOUT
342 error fetch failed https://registry.npmjs.org/mongo/-/mongo-0.1.0.tgz
343 warn retry will retry, error on last attempt: Error: tunneling socket could not be established, cause=connect ETIMEDOUT
344 error fetch failed https://registry.npmjs.org/morgan/-/morgan-1.2.3.tgz
345 warn retry will retry, error on last attempt: Error: tunneling socket could not be established, cause=connect ETIMEDOUT
346 error fetch failed https://registry.npmjs.org/body-parser/-/body-parser-1.5.2.tgz
347 warn retry will retry, error on last attempt: Error: tunneling socket could not be established, cause=connect ETIMEDOUT
348 info retry fetch attempt 3 at 01:02:22
349 info attempt registry request try #1 at 01:02:22
350 http fetch GET https://registry.npmjs.org/express/-/express-4.7.4.tgz
351 info retry fetch attempt 3 at 01:02:22
352 info attempt registry request try #1 at 01:02:22
353 http fetch GET https://registry.npmjs.org/mongo/-/mongo-0.1.0.tgz
354 info retry fetch attempt 3 at 01:02:22
355 info attempt registry request try #1 at 01:02:22
356 http fetch GET https://registry.npmjs.org/morgan/-/morgan-1.2.3.tgz
357 info retry fetch attempt 3 at 01:02:22
358 info attempt registry request try #1 at 01:02:22
359 http fetch GET https://registry.npmjs.org/body-parser/-/body-parser-1.5.2.tgz
360 info retry will retry, error on last attempt: Error: tunneling socket could not be established, cause=connect ETIMEDOUT
361 info retry will retry, error on last attempt: Error: tunneling socket could not be established, cause=connect ETIMEDOUT
362 info retry will retry, error on last attempt: Error: tunneling socket could not be established, cause=connect ETIMEDOUT
363 info retry will retry, error on last attempt: Error: tunneling socket could not be established, cause=connect ETIMEDOUT
364 info attempt registry request try #2 at 01:04:39
365 http fetch GET https://registry.npmjs.org/express/-/express-4.7.4.tgz
366 info attempt registry request try #2 at 01:04:39
367 http fetch GET https://registry.npmjs.org/mongo/-/mongo-0.1.0.tgz
368 info attempt registry request try #2 at 01:04:39
369 http fetch GET https://registry.npmjs.org/morgan/-/morgan-1.2.3.tgz
370 info attempt registry request try #2 at 01:04:39
371 http fetch GET https://registry.npmjs.org/body-parser/-/body-parser-1.5.2.tgz
372 info retry will retry, error on last attempt: Error: tunneling socket could not be established, cause=connect ETIMEDOUT
373 info retry will retry, error on last attempt: Error: tunneling socket could not be established, cause=connect ETIMEDOUT
374 info retry will retry, error on last attempt: Error: tunneling socket could not be established, cause=connect ETIMEDOUT
375 info retry will retry, error on last attempt: Error: tunneling socket could not be established, cause=connect ETIMEDOUT
376 info attempt registry request try #3 at 01:07:46
377 http fetch GET https://registry.npmjs.org/express/-/express-4.7.4.tgz
378 info attempt registry request try #3 at 01:07:46
379 http fetch GET https://registry.npmjs.org/mongo/-/mongo-0.1.0.tgz
380 info attempt registry request try #3 at 01:07:46
381 http fetch GET https://registry.npmjs.org/morgan/-/morgan-1.2.3.tgz
382 info attempt registry request try #3 at 01:07:46
383 http fetch GET https://registry.npmjs.org/body-parser/-/body-parser-1.5.2.tgz
384 error fetch failed https://registry.npmjs.org/express/-/express-4.7.4.tgz
385 error fetch failed https://registry.npmjs.org/mongo/-/mongo-0.1.0.tgz
386 error fetch failed https://registry.npmjs.org/morgan/-/morgan-1.2.3.tgz
387 error fetch failed https://registry.npmjs.org/body-parser/-/body-parser-1.5.2.tgz
388 silly rollbackFailedOptional Starting
389 silly rollbackFailedOptional Finishing
390 silly runTopLevelLifecycles Starting
391 silly runTopLevelLifecycles Finishing
392 silly install printInstalled
393 verbose stack Error: tunneling socket could not be established, cause=connect ETIMEDOUT
393 verbose stack     at ClientRequest.onError (/usr/local/lib/node_modules/npm/node_modules/request/node_modules/tunnel-agent/index.js:176:17)
393 verbose stack     at ClientRequest.g (events.js:180:16)
393 verbose stack     at ClientRequest.EventEmitter.emit (events.js:95:17)
393 verbose stack     at Socket.socketErrorListener (http.js:1547:9)
393 verbose stack     at Socket.EventEmitter.emit (events.js:95:17)
393 verbose stack     at net.js:441:14
393 verbose stack     at process._tickCallback (node.js:415:13)
394 verbose cwd /home/esraa/SE-Project
395 error Linux 3.19.0-25-generic
396 error argv "node" "/usr/local/bin/npm" "install"
397 error node v0.10.25
398 error npm  v3.7.3
399 error code ECONNRESET
400 error network tunneling socket could not be established, cause=connect ETIMEDOUT
401 error network This is most likely not a problem with npm itself
401 error network and is related to network connectivity.
401 error network In most cases you are behind a proxy or have bad network settings.
401 error network
401 error network If you are behind a proxy, please make sure that the
401 error network 'proxy' config is set properly.  See: 'npm help config'
402 verbose exit [ 1, true ]
